<?xml version="1.0" encoding="UTF-8"?><testrun name="TaskManagerRunnerClass" project="TaskManager-Tests" tests="7" started="7" failures="0" errors="2" ignored="1">
  <testsuite name="com.ctli.it.qa.taskmanager.tests.TaskManagerRunnerClass" time="412.854">
    <testsuite name="Feature: Title of your feature" time="412.854">
      <testsuite name="Scenario: Title of your scenario" time="408.562" incomplete="true">
        <error>net.serenitybdd.core.exceptions.SerenityManagedException: Error communicating with the remote browser. It may have died.
Build info: version: '2.53.0', revision: '35ae25b1534ae328c771e0856c93e187490ca824', time: '2016-03-15 10:43:46'
System info: host: 'XIN009ODAB56362', ip: '10.140.7.61', os.name: 'Windows 7', os.arch: 'amd64', os.version: '6.1', java.version: '1.7.0_60'
Driver info: driver.version: RemoteWebDriver
Session ID: 36f6d5aa-f957-46aa-9125-00b815c210e6
Capabilities [{platform=WINDOWS, acceptSslCerts=true, javascriptEnabled=true, cssSelectorsEnabled=true, databaseEnabled=true, browserName=firefox, handlesAlerts=true, nativeEvents=false, webStorageEnabled=true, rotatable=false, locationContextEnabled=true, applicationCacheEnabled=true, takesScreenshot=true, version=45.0.2}]&#13;
	at org.openqa.selenium.remote.RemoteWebDriver.execute(RemoteWebDriver.java:665)&#13;
	at org.openqa.selenium.remote.RemoteWebDriver.executeScript(RemoteWebDriver.java:577)&#13;
	at net.thucydides.core.webdriver.javascript.JavascriptExecutorFacade.executeScript(JavascriptExecutorFacade.java:61)&#13;
	at net.thucydides.core.pages.jquery.JQueryEnabledPage.isJQueryAvailable(JQueryEnabledPage.java:45)&#13;
	at net.serenitybdd.core.pages.WebElementFacadeImpl.enableHighlightingIfRequired(WebElementFacadeImpl.java:1020)&#13;
	at net.serenitybdd.core.pages.WebElementFacadeImpl.click(WebElementFacadeImpl.java:984)&#13;
	at sun.reflect.NativeMethodAccessorImpl.invoke0(Native Method)&#13;
	at sun.reflect.NativeMethodAccessorImpl.invoke(NativeMethodAccessorImpl.java:57)&#13;
	at sun.reflect.DelegatingMethodAccessorImpl.invoke(DelegatingMethodAccessorImpl.java:43)&#13;
	at java.lang.reflect.Method.invoke(Method.java:606)&#13;
	at net.thucydides.core.annotations.locators.AbstractSingleItemHandler.invoke(AbstractSingleItemHandler.java:45)&#13;
	at com.sun.proxy.$Proxy24.click(Unknown Source)&#13;
	at com.ctli.it.qa.taskmanager.tools.steps.user.TaskManagerUserSteps.i_click_on_mytask(TaskManagerUserSteps.java:122)&#13;
	at com.ctli.it.qa.taskmanager.tools.steps.user.TaskManagerUserSteps$$EnhancerByCGLIB$$db6c53d5.CGLIB$i_click_on_mytask$8(&lt;generated&gt;)&#13;
	at com.ctli.it.qa.taskmanager.tools.steps.user.TaskManagerUserSteps$$EnhancerByCGLIB$$db6c53d5$$FastClassByCGLIB$$8a3e4c77.invoke(&lt;generated&gt;)&#13;
	at net.sf.cglib.proxy.MethodProxy.invokeSuper(MethodProxy.java:228)&#13;
	at net.thucydides.core.steps.BaseMethodRunner.invokeMethod(BaseMethodRunner.java:10)&#13;
	at net.thucydides.core.steps.NormalMethodRunner.invokeMethodAndNotifyFailures(NormalMethodRunner.java:20)&#13;
	at net.thucydides.core.steps.StepInterceptor.runNormalMethod(StepInterceptor.java:248)&#13;
	at net.thucydides.core.steps.StepInterceptor.testStepResult(StepInterceptor.java:123)&#13;
	at net.thucydides.core.steps.StepInterceptor.intercept(StepInterceptor.java:57)&#13;
	at com.ctli.it.qa.taskmanager.tools.steps.user.TaskManagerUserSteps$$EnhancerByCGLIB$$db6c53d5.i_click_on_mytask(&lt;generated&gt;)&#13;
	at com.ctli.it.qa.taskmanager.tests.steps.user.TaskManagerUserStepsDefinition.i_complete_action_for_the_socn_complete_for_the_third_party_with_request_id(TaskManagerUserStepsDefinition.java:91)&#13;
	at âœ½.Then I complete action for the socn complete  for the third party with request id(features/taskmanager.feature:13)&#13;
Caused by: org.apache.http.conn.HttpHostConnectException: Connect to 127.0.0.1:7056 [/127.0.0.1] failed: Connection refused: connect&#13;
	at org.apache.http.impl.conn.DefaultHttpClientConnectionOperator.connect(DefaultHttpClientConnectionOperator.java:158)&#13;
	at org.apache.http.impl.conn.PoolingHttpClientConnectionManager.connect(PoolingHttpClientConnectionManager.java:353)&#13;
	at org.apache.http.impl.execchain.MainClientExec.establishRoute(MainClientExec.java:380)&#13;
	at org.apache.http.impl.execchain.MainClientExec.execute(MainClientExec.java:236)&#13;
	at org.apache.http.impl.execchain.ProtocolExec.execute(ProtocolExec.java:184)&#13;
	at org.apache.http.impl.execchain.RetryExec.execute(RetryExec.java:88)&#13;
	at org.apache.http.impl.execchain.RedirectExec.execute(RedirectExec.java:110)&#13;
	at org.apache.http.impl.client.InternalHttpClient.doExecute(InternalHttpClient.java:184)&#13;
	at org.apache.http.impl.client.CloseableHttpClient.execute(CloseableHttpClient.java:71)&#13;
	at org.apache.http.impl.client.CloseableHttpClient.execute(CloseableHttpClient.java:55)&#13;
	at org.openqa.selenium.remote.internal.ApacheHttpClient.fallBackExecute(ApacheHttpClient.java:144)&#13;
	at org.openqa.selenium.remote.internal.ApacheHttpClient.execute(ApacheHttpClient.java:90)&#13;
	at org.openqa.selenium.remote.HttpCommandExecutor.execute(HttpCommandExecutor.java:142)&#13;
	at org.openqa.selenium.firefox.internal.NewProfileExtensionConnection.execute(NewProfileExtensionConnection.java:160)&#13;
	at org.openqa.selenium.firefox.FirefoxDriver$LazyCommandExecutor.execute(FirefoxDriver.java:380)&#13;
	at org.openqa.selenium.remote.RemoteWebDriver.execute(RemoteWebDriver.java:644)&#13;
	at org.openqa.selenium.remote.RemoteWebDriver.executeScript(RemoteWebDriver.java:577)&#13;
	at net.thucydides.core.webdriver.javascript.JavascriptExecutorFacade.executeScript(JavascriptExecutorFacade.java:61)&#13;
	at net.thucydides.core.pages.jquery.JQueryEnabledPage.isJQueryAvailable(JQueryEnabledPage.java:45)&#13;
	at net.serenitybdd.core.pages.WebElementFacadeImpl.enableHighlightingIfRequired(WebElementFacadeImpl.java:1020)&#13;
	at net.serenitybdd.core.pages.WebElementFacadeImpl.click(WebElementFacadeImpl.java:984)&#13;
	at sun.reflect.NativeMethodAccessorImpl.invoke0(Native Method)&#13;
	at sun.reflect.NativeMethodAccessorImpl.invoke(NativeMethodAccessorImpl.java:57)&#13;
	at sun.reflect.DelegatingMethodAccessorImpl.invoke(DelegatingMethodAccessorImpl.java:43)&#13;
	at java.lang.reflect.Method.invoke(Method.java:606)&#13;
	at net.thucydides.core.annotations.locators.AbstractSingleItemHandler.invoke(AbstractSingleItemHandler.java:45)&#13;
	at com.sun.proxy.$Proxy24.click(Unknown Source)&#13;
	at com.ctli.it.qa.taskmanager.tools.steps.user.TaskManagerUserSteps.i_click_on_mytask(TaskManagerUserSteps.java:122)&#13;
	at com.ctli.it.qa.taskmanager.tools.steps.user.TaskManagerUserSteps$$EnhancerByCGLIB$$db6c53d5.CGLIB$i_click_on_mytask$8(&lt;generated&gt;)&#13;
	at com.ctli.it.qa.taskmanager.tools.steps.user.TaskManagerUserSteps$$EnhancerByCGLIB$$db6c53d5$$FastClassByCGLIB$$8a3e4c77.invoke(&lt;generated&gt;)&#13;
	at net.sf.cglib.proxy.MethodProxy.invokeSuper(MethodProxy.java:228)&#13;
	at net.thucydides.core.steps.BaseMethodRunner.invokeMethod(BaseMethodRunner.java:10)&#13;
	at net.thucydides.core.steps.NormalMethodRunner.invokeMethodAndNotifyFailures(NormalMethodRunner.java:20)&#13;
	at net.thucydides.core.steps.StepInterceptor.runNormalMethod(StepInterceptor.java:248)&#13;
	at net.thucydides.core.steps.StepInterceptor.testStepResult(StepInterceptor.java:123)&#13;
	at net.thucydides.core.steps.StepInterceptor.intercept(StepInterceptor.java:57)&#13;
	at com.ctli.it.qa.taskmanager.tools.steps.user.TaskManagerUserSteps$$EnhancerByCGLIB$$db6c53d5.i_click_on_mytask(&lt;generated&gt;)&#13;
	at com.ctli.it.qa.taskmanager.tests.steps.user.TaskManagerUserStepsDefinition.i_complete_action_for_the_socn_complete_for_the_third_party_with_request_id(TaskManagerUserStepsDefinition.java:91)&#13;
	at sun.reflect.NativeMethodAccessorImpl.invoke0(Native Method)&#13;
	at sun.reflect.NativeMethodAccessorImpl.invoke(NativeMethodAccessorImpl.java:57)&#13;
	at sun.reflect.DelegatingMethodAccessorImpl.invoke(DelegatingMethodAccessorImpl.java:43)&#13;
	at java.lang.reflect.Method.invoke(Method.java:606)&#13;
	at cucumber.runtime.Utils$1.call(Utils.java:37)&#13;
	at cucumber.runtime.Timeout.timeout(Timeout.java:13)&#13;
	at cucumber.runtime.Utils.invoke(Utils.java:31)&#13;
	at cucumber.runtime.java.JavaStepDefinition.execute(JavaStepDefinition.java:38)&#13;
	at cucumber.runtime.StepDefinitionMatch.runStep(StepDefinitionMatch.java:37)&#13;
	at cucumber.runtime.Runtime.runStep(Runtime.java:299)&#13;
	at cucumber.runtime.model.StepContainer.runStep(StepContainer.java:44)&#13;
	at cucumber.runtime.model.StepContainer.runSteps(StepContainer.java:39)&#13;
	at cucumber.runtime.model.CucumberScenario.run(CucumberScenario.java:44)&#13;
	at cucumber.runtime.junit.ExecutionUnitRunner.run(ExecutionUnitRunner.java:91)&#13;
	at cucumber.runtime.junit.FeatureRunner.runChild(FeatureRunner.java:63)&#13;
	at cucumber.runtime.junit.FeatureRunner.runChild(FeatureRunner.java:18)&#13;
	at org.junit.runners.ParentRunner$3.run(ParentRunner.java:290)&#13;
	at org.junit.runners.ParentRunner$1.schedule(ParentRunner.java:71)&#13;
	at org.junit.runners.ParentRunner.runChildren(ParentRunner.java:288)&#13;
	at org.junit.runners.ParentRunner.access$000(ParentRunner.java:58)&#13;
	at org.junit.runners.ParentRunner$2.evaluate(ParentRunner.java:268)&#13;
	at org.junit.runners.ParentRunner.run(ParentRunner.java:363)&#13;
	at cucumber.runtime.junit.FeatureRunner.run(FeatureRunner.java:70)&#13;
	at cucumber.api.junit.Cucumber.runChild(Cucumber.java:93)&#13;
	at cucumber.api.junit.Cucumber.runChild(Cucumber.java:37)&#13;
	at org.junit.runners.ParentRunner$3.run(ParentRunner.java:290)&#13;
	at org.junit.runners.ParentRunner$1.schedule(ParentRunner.java:71)&#13;
	at org.junit.runners.ParentRunner.runChildren(ParentRunner.java:288)&#13;
	at org.junit.runners.ParentRunner.access$000(ParentRunner.java:58)&#13;
	at org.junit.runners.ParentRunner$2.evaluate(ParentRunner.java:268)&#13;
	at org.junit.internal.runners.statements.RunBefores.evaluate(RunBefores.java:26)&#13;
	at org.junit.runners.ParentRunner.run(ParentRunner.java:363)&#13;
	at cucumber.api.junit.Cucumber.run(Cucumber.java:98)&#13;
	at org.eclipse.jdt.internal.junit4.runner.JUnit4TestReference.run(JUnit4TestReference.java:86)&#13;
	at org.eclipse.jdt.internal.junit.runner.TestExecution.run(TestExecution.java:38)&#13;
	at org.eclipse.jdt.internal.junit.runner.RemoteTestRunner.runTests(RemoteTestRunner.java:459)&#13;
	at org.eclipse.jdt.internal.junit.runner.RemoteTestRunner.runTests(RemoteTestRunner.java:675)&#13;
	at org.eclipse.jdt.internal.junit.runner.RemoteTestRunner.run(RemoteTestRunner.java:382)&#13;
	at org.eclipse.jdt.internal.junit.runner.RemoteTestRunner.main(RemoteTestRunner.java:192)&#13;
Caused by: java.net.ConnectException: Connection refused: connect&#13;
	at java.net.DualStackPlainSocketImpl.waitForConnect(Native Method)&#13;
	at java.net.DualStackPlainSocketImpl.socketConnect(DualStackPlainSocketImpl.java:85)&#13;
	at java.net.AbstractPlainSocketImpl.doConnect(AbstractPlainSocketImpl.java:339)&#13;
	at java.net.AbstractPlainSocketImpl.connectToAddress(AbstractPlainSocketImpl.java:200)&#13;
	at java.net.AbstractPlainSocketImpl.connect(AbstractPlainSocketImpl.java:182)&#13;
	at java.net.PlainSocketImpl.connect(PlainSocketImpl.java:172)&#13;
	at java.net.SocksSocketImpl.connect(SocksSocketImpl.java:392)&#13;
	at java.net.Socket.connect(Socket.java:579)&#13;
	at org.apache.http.conn.socket.PlainConnectionSocketFactory.connectSocket(PlainConnectionSocketFactory.java:74)&#13;
	at org.apache.http.impl.conn.DefaultHttpClientConnectionOperator.connect(DefaultHttpClientConnectionOperator.java:141)&#13;
	... 76 more&#13;
&#13;
</error>
        <testcase name="Given I am logged in as a &quot;TaskManageruser&quot; in the Task Manager Portal" classname="Scenario: Title of your scenario" time="59.896"/>
        <testcase name="When I click on the Admin under that  fallouts the Fallout page should come" classname="Scenario: Title of your scenario" time="75.502"/>
        <testcase name="Then I complete action for the claim for the third party with request id" classname="Scenario: Title of your scenario" time="137.462"/>
        <testcase name="Then I complete action for the complete for the third party with request id" classname="Scenario: Title of your scenario" time="132.615"/>
        <testcase name="Then I complete action for the socn claim  for the third party with request id" classname="Scenario: Title of your scenario" time="3.066"/>
        <testcase name="Then I complete action for the socn complete  for the third party with request id" classname="Scenario: Title of your scenario" time="0.02">
          <error>net.serenitybdd.core.exceptions.SerenityManagedException: Error communicating with the remote browser. It may have died.
Build info: version: '2.53.0', revision: '35ae25b1534ae328c771e0856c93e187490ca824', time: '2016-03-15 10:43:46'
System info: host: 'XIN009ODAB56362', ip: '10.140.7.61', os.name: 'Windows 7', os.arch: 'amd64', os.version: '6.1', java.version: '1.7.0_60'
Driver info: driver.version: RemoteWebDriver
Session ID: 36f6d5aa-f957-46aa-9125-00b815c210e6
Capabilities [{platform=WINDOWS, acceptSslCerts=true, javascriptEnabled=true, cssSelectorsEnabled=true, databaseEnabled=true, browserName=firefox, handlesAlerts=true, nativeEvents=false, webStorageEnabled=true, rotatable=false, locationContextEnabled=true, applicationCacheEnabled=true, takesScreenshot=true, version=45.0.2}]&#13;
	at org.openqa.selenium.remote.RemoteWebDriver.execute(RemoteWebDriver.java:665)&#13;
	at org.openqa.selenium.remote.RemoteWebDriver.executeScript(RemoteWebDriver.java:577)&#13;
	at net.thucydides.core.webdriver.javascript.JavascriptExecutorFacade.executeScript(JavascriptExecutorFacade.java:61)&#13;
	at net.thucydides.core.pages.jquery.JQueryEnabledPage.isJQueryAvailable(JQueryEnabledPage.java:45)&#13;
	at net.serenitybdd.core.pages.WebElementFacadeImpl.enableHighlightingIfRequired(WebElementFacadeImpl.java:1020)&#13;
	at net.serenitybdd.core.pages.WebElementFacadeImpl.click(WebElementFacadeImpl.java:984)&#13;
	at sun.reflect.NativeMethodAccessorImpl.invoke0(Native Method)&#13;
	at sun.reflect.NativeMethodAccessorImpl.invoke(NativeMethodAccessorImpl.java:57)&#13;
	at sun.reflect.DelegatingMethodAccessorImpl.invoke(DelegatingMethodAccessorImpl.java:43)&#13;
	at java.lang.reflect.Method.invoke(Method.java:606)&#13;
	at net.thucydides.core.annotations.locators.AbstractSingleItemHandler.invoke(AbstractSingleItemHandler.java:45)&#13;
	at com.sun.proxy.$Proxy24.click(Unknown Source)&#13;
	at com.ctli.it.qa.taskmanager.tools.steps.user.TaskManagerUserSteps.i_click_on_mytask(TaskManagerUserSteps.java:122)&#13;
	at com.ctli.it.qa.taskmanager.tools.steps.user.TaskManagerUserSteps$$EnhancerByCGLIB$$db6c53d5.CGLIB$i_click_on_mytask$8(&lt;generated&gt;)&#13;
	at com.ctli.it.qa.taskmanager.tools.steps.user.TaskManagerUserSteps$$EnhancerByCGLIB$$db6c53d5$$FastClassByCGLIB$$8a3e4c77.invoke(&lt;generated&gt;)&#13;
	at net.sf.cglib.proxy.MethodProxy.invokeSuper(MethodProxy.java:228)&#13;
	at net.thucydides.core.steps.BaseMethodRunner.invokeMethod(BaseMethodRunner.java:10)&#13;
	at net.thucydides.core.steps.NormalMethodRunner.invokeMethodAndNotifyFailures(NormalMethodRunner.java:20)&#13;
	at net.thucydides.core.steps.StepInterceptor.runNormalMethod(StepInterceptor.java:248)&#13;
	at net.thucydides.core.steps.StepInterceptor.testStepResult(StepInterceptor.java:123)&#13;
	at net.thucydides.core.steps.StepInterceptor.intercept(StepInterceptor.java:57)&#13;
	at com.ctli.it.qa.taskmanager.tools.steps.user.TaskManagerUserSteps$$EnhancerByCGLIB$$db6c53d5.i_click_on_mytask(&lt;generated&gt;)&#13;
	at com.ctli.it.qa.taskmanager.tests.steps.user.TaskManagerUserStepsDefinition.i_complete_action_for_the_socn_complete_for_the_third_party_with_request_id(TaskManagerUserStepsDefinition.java:91)&#13;
	at âœ½.Then I complete action for the socn complete  for the third party with request id(features/taskmanager.feature:13)&#13;
Caused by: org.apache.http.conn.HttpHostConnectException: Connect to 127.0.0.1:7056 [/127.0.0.1] failed: Connection refused: connect&#13;
	at org.apache.http.impl.conn.DefaultHttpClientConnectionOperator.connect(DefaultHttpClientConnectionOperator.java:158)&#13;
	at org.apache.http.impl.conn.PoolingHttpClientConnectionManager.connect(PoolingHttpClientConnectionManager.java:353)&#13;
	at org.apache.http.impl.execchain.MainClientExec.establishRoute(MainClientExec.java:380)&#13;
	at org.apache.http.impl.execchain.MainClientExec.execute(MainClientExec.java:236)&#13;
	at org.apache.http.impl.execchain.ProtocolExec.execute(ProtocolExec.java:184)&#13;
	at org.apache.http.impl.execchain.RetryExec.execute(RetryExec.java:88)&#13;
	at org.apache.http.impl.execchain.RedirectExec.execute(RedirectExec.java:110)&#13;
	at org.apache.http.impl.client.InternalHttpClient.doExecute(InternalHttpClient.java:184)&#13;
	at org.apache.http.impl.client.CloseableHttpClient.execute(CloseableHttpClient.java:71)&#13;
	at org.apache.http.impl.client.CloseableHttpClient.execute(CloseableHttpClient.java:55)&#13;
	at org.openqa.selenium.remote.internal.ApacheHttpClient.fallBackExecute(ApacheHttpClient.java:144)&#13;
	at org.openqa.selenium.remote.internal.ApacheHttpClient.execute(ApacheHttpClient.java:90)&#13;
	at org.openqa.selenium.remote.HttpCommandExecutor.execute(HttpCommandExecutor.java:142)&#13;
	at org.openqa.selenium.firefox.internal.NewProfileExtensionConnection.execute(NewProfileExtensionConnection.java:160)&#13;
	at org.openqa.selenium.firefox.FirefoxDriver$LazyCommandExecutor.execute(FirefoxDriver.java:380)&#13;
	at org.openqa.selenium.remote.RemoteWebDriver.execute(RemoteWebDriver.java:644)&#13;
	at org.openqa.selenium.remote.RemoteWebDriver.executeScript(RemoteWebDriver.java:577)&#13;
	at net.thucydides.core.webdriver.javascript.JavascriptExecutorFacade.executeScript(JavascriptExecutorFacade.java:61)&#13;
	at net.thucydides.core.pages.jquery.JQueryEnabledPage.isJQueryAvailable(JQueryEnabledPage.java:45)&#13;
	at net.serenitybdd.core.pages.WebElementFacadeImpl.enableHighlightingIfRequired(WebElementFacadeImpl.java:1020)&#13;
	at net.serenitybdd.core.pages.WebElementFacadeImpl.click(WebElementFacadeImpl.java:984)&#13;
	at sun.reflect.NativeMethodAccessorImpl.invoke0(Native Method)&#13;
	at sun.reflect.NativeMethodAccessorImpl.invoke(NativeMethodAccessorImpl.java:57)&#13;
	at sun.reflect.DelegatingMethodAccessorImpl.invoke(DelegatingMethodAccessorImpl.java:43)&#13;
	at java.lang.reflect.Method.invoke(Method.java:606)&#13;
	at net.thucydides.core.annotations.locators.AbstractSingleItemHandler.invoke(AbstractSingleItemHandler.java:45)&#13;
	at com.sun.proxy.$Proxy24.click(Unknown Source)&#13;
	at com.ctli.it.qa.taskmanager.tools.steps.user.TaskManagerUserSteps.i_click_on_mytask(TaskManagerUserSteps.java:122)&#13;
	at com.ctli.it.qa.taskmanager.tools.steps.user.TaskManagerUserSteps$$EnhancerByCGLIB$$db6c53d5.CGLIB$i_click_on_mytask$8(&lt;generated&gt;)&#13;
	at com.ctli.it.qa.taskmanager.tools.steps.user.TaskManagerUserSteps$$EnhancerByCGLIB$$db6c53d5$$FastClassByCGLIB$$8a3e4c77.invoke(&lt;generated&gt;)&#13;
	at net.sf.cglib.proxy.MethodProxy.invokeSuper(MethodProxy.java:228)&#13;
	at net.thucydides.core.steps.BaseMethodRunner.invokeMethod(BaseMethodRunner.java:10)&#13;
	at net.thucydides.core.steps.NormalMethodRunner.invokeMethodAndNotifyFailures(NormalMethodRunner.java:20)&#13;
	at net.thucydides.core.steps.StepInterceptor.runNormalMethod(StepInterceptor.java:248)&#13;
	at net.thucydides.core.steps.StepInterceptor.testStepResult(StepInterceptor.java:123)&#13;
	at net.thucydides.core.steps.StepInterceptor.intercept(StepInterceptor.java:57)&#13;
	at com.ctli.it.qa.taskmanager.tools.steps.user.TaskManagerUserSteps$$EnhancerByCGLIB$$db6c53d5.i_click_on_mytask(&lt;generated&gt;)&#13;
	at com.ctli.it.qa.taskmanager.tests.steps.user.TaskManagerUserStepsDefinition.i_complete_action_for_the_socn_complete_for_the_third_party_with_request_id(TaskManagerUserStepsDefinition.java:91)&#13;
	at sun.reflect.NativeMethodAccessorImpl.invoke0(Native Method)&#13;
	at sun.reflect.NativeMethodAccessorImpl.invoke(NativeMethodAccessorImpl.java:57)&#13;
	at sun.reflect.DelegatingMethodAccessorImpl.invoke(DelegatingMethodAccessorImpl.java:43)&#13;
	at java.lang.reflect.Method.invoke(Method.java:606)&#13;
	at cucumber.runtime.Utils$1.call(Utils.java:37)&#13;
	at cucumber.runtime.Timeout.timeout(Timeout.java:13)&#13;
	at cucumber.runtime.Utils.invoke(Utils.java:31)&#13;
	at cucumber.runtime.java.JavaStepDefinition.execute(JavaStepDefinition.java:38)&#13;
	at cucumber.runtime.StepDefinitionMatch.runStep(StepDefinitionMatch.java:37)&#13;
	at cucumber.runtime.Runtime.runStep(Runtime.java:299)&#13;
	at cucumber.runtime.model.StepContainer.runStep(StepContainer.java:44)&#13;
	at cucumber.runtime.model.StepContainer.runSteps(StepContainer.java:39)&#13;
	at cucumber.runtime.model.CucumberScenario.run(CucumberScenario.java:44)&#13;
	at cucumber.runtime.junit.ExecutionUnitRunner.run(ExecutionUnitRunner.java:91)&#13;
	at cucumber.runtime.junit.FeatureRunner.runChild(FeatureRunner.java:63)&#13;
	at cucumber.runtime.junit.FeatureRunner.runChild(FeatureRunner.java:18)&#13;
	at org.junit.runners.ParentRunner$3.run(ParentRunner.java:290)&#13;
	at org.junit.runners.ParentRunner$1.schedule(ParentRunner.java:71)&#13;
	at org.junit.runners.ParentRunner.runChildren(ParentRunner.java:288)&#13;
	at org.junit.runners.ParentRunner.access$000(ParentRunner.java:58)&#13;
	at org.junit.runners.ParentRunner$2.evaluate(ParentRunner.java:268)&#13;
	at org.junit.runners.ParentRunner.run(ParentRunner.java:363)&#13;
	at cucumber.runtime.junit.FeatureRunner.run(FeatureRunner.java:70)&#13;
	at cucumber.api.junit.Cucumber.runChild(Cucumber.java:93)&#13;
	at cucumber.api.junit.Cucumber.runChild(Cucumber.java:37)&#13;
	at org.junit.runners.ParentRunner$3.run(ParentRunner.java:290)&#13;
	at org.junit.runners.ParentRunner$1.schedule(ParentRunner.java:71)&#13;
	at org.junit.runners.ParentRunner.runChildren(ParentRunner.java:288)&#13;
	at org.junit.runners.ParentRunner.access$000(ParentRunner.java:58)&#13;
	at org.junit.runners.ParentRunner$2.evaluate(ParentRunner.java:268)&#13;
	at org.junit.internal.runners.statements.RunBefores.evaluate(RunBefores.java:26)&#13;
	at org.junit.runners.ParentRunner.run(ParentRunner.java:363)&#13;
	at cucumber.api.junit.Cucumber.run(Cucumber.java:98)&#13;
	at org.eclipse.jdt.internal.junit4.runner.JUnit4TestReference.run(JUnit4TestReference.java:86)&#13;
	at org.eclipse.jdt.internal.junit.runner.TestExecution.run(TestExecution.java:38)&#13;
	at org.eclipse.jdt.internal.junit.runner.RemoteTestRunner.runTests(RemoteTestRunner.java:459)&#13;
	at org.eclipse.jdt.internal.junit.runner.RemoteTestRunner.runTests(RemoteTestRunner.java:675)&#13;
	at org.eclipse.jdt.internal.junit.runner.RemoteTestRunner.run(RemoteTestRunner.java:382)&#13;
	at org.eclipse.jdt.internal.junit.runner.RemoteTestRunner.main(RemoteTestRunner.java:192)&#13;
Caused by: java.net.ConnectException: Connection refused: connect&#13;
	at java.net.DualStackPlainSocketImpl.waitForConnect(Native Method)&#13;
	at java.net.DualStackPlainSocketImpl.socketConnect(DualStackPlainSocketImpl.java:85)&#13;
	at java.net.AbstractPlainSocketImpl.doConnect(AbstractPlainSocketImpl.java:339)&#13;
	at java.net.AbstractPlainSocketImpl.connectToAddress(AbstractPlainSocketImpl.java:200)&#13;
	at java.net.AbstractPlainSocketImpl.connect(AbstractPlainSocketImpl.java:182)&#13;
	at java.net.PlainSocketImpl.connect(PlainSocketImpl.java:172)&#13;
	at java.net.SocksSocketImpl.connect(SocksSocketImpl.java:392)&#13;
	at java.net.Socket.connect(Socket.java:579)&#13;
	at org.apache.http.conn.socket.PlainConnectionSocketFactory.connectSocket(PlainConnectionSocketFactory.java:74)&#13;
	at org.apache.http.impl.conn.DefaultHttpClientConnectionOperator.connect(DefaultHttpClientConnectionOperator.java:141)&#13;
	... 76 more&#13;
&#13;
</error>
        </testcase>
        <testcase name="Then I see the final status completed for both socn and focn" classname="Scenario: Title of your scenario" time="4.282" ignored="true"/>
      </testsuite>
    </testsuite>
  </testsuite>
</testrun>
